<?xml version="1.0" encoding="UTF-8"?>
<testsuite name="com.khushu.data.AdhanAndDownloadsTest" tests="8" skipped="0" failures="0" errors="0" timestamp="2026-09-02T23:17:28.077Z" hostname="Shah" time="0.195">
  <properties/>
  <testcase name="downloadsApiDegradesGracefullyWithoutCachingFetcher()" classname="com.khushu.data.AdhanAndDownloadsTest" time="0.006"/>
  <testcase name="outOfRangeAdhanIsNull()" classname="com.khushu.data.AdhanAndDownloadsTest" time="0.019"/>
  <testcase name="catalogHas178EntriesWithParsedMetadata()" classname="com.khushu.data.AdhanAndDownloadsTest" time="0.023"/>
  <testcase name="reconcileDropsVanishedFiles()" classname="com.khushu.data.AdhanAndDownloadsTest" time="0.021"/>
  <testcase name="recitersGroupAndPlaceAdhansAreLabeled()" classname="com.khushu.data.AdhanAndDownloadsTest" time="0.023"/>
  <testcase name="islamicEventsExposeDisplayEntries()" classname="com.khushu.data.AdhanAndDownloadsTest" time="0.01"/>
  <testcase name="cachingFetcherTracksCategoriesAndDeletes()" classname="com.khushu.data.AdhanAndDownloadsTest" time="0.018"/>
  <testcase name="duaAudioMirrorsExposed()" classname="com.khushu.data.AdhanAndDownloadsTest" time="0.053"/>
  <system-out><![CDATA[]]></system-out>
  <system-err><![CDATA[]]></system-err>
</testsuite>
