<?xml version="1.0" encoding="UTF-8"?>
<testsuite name="com.khushu.data.CatalogAndCuratedTest" tests="12" skipped="0" failures="0" errors="0" timestamp="2026-09-02T23:17:33.462Z" hostname="Shah" time="0.51">
  <properties/>
  <testcase name="exclusiveVerseSetsCarryRefsAndLocalizedTitles()" classname="com.khushu.data.CatalogAndCuratedTest" time="0.058"/>
  <testcase name="fontsCatalogParsesWithAllDonorFonts()" classname="com.khushu.data.CatalogAndCuratedTest" time="0.019"/>
  <testcase name="translationCatalogParsesAllPacks()" classname="com.khushu.data.CatalogAndCuratedTest" time="0.018"/>
  <testcase name="scienceTopicsLoad()" classname="com.khushu.data.CatalogAndCuratedTest" time="0.012"/>
  <testcase name="topicTaxonomyLoads()" classname="com.khushu.data.CatalogAndCuratedTest" time="0.193"/>
  <testcase name="wbwCatalogsParseWithRepoRelativeUrls()" classname="com.khushu.data.CatalogAndCuratedTest" time="0.016"/>
  <testcase name="similarVersesResolve()" classname="com.khushu.data.CatalogAndCuratedTest" time="0.047"/>
  <testcase name="mutashabihatPhrasesAndOccurrences()" classname="com.khushu.data.CatalogAndCuratedTest" time="0.047"/>
  <testcase name="recommendedRulesAndTextsLoad()" classname="com.khushu.data.CatalogAndCuratedTest" time="0.013"/>
  <testcase name="recitationTimingUrlsAreRepoRelative()" classname="com.khushu.data.CatalogAndCuratedTest" time="0.015"/>
  <testcase name="tafsirCatalogParses()" classname="com.khushu.data.CatalogAndCuratedTest" time="0.022"/>
  <testcase name="facadeCatalogAndCuratedWire()" classname="com.khushu.data.CatalogAndCuratedTest" time="0.015"/>
  <system-out><![CDATA[]]></system-out>
  <system-err><![CDATA[]]></system-err>
</testsuite>
