<?xml version="1.0" encoding="UTF-8"?>
<testsuite name="com.khushu.data.AdaptiveAndPlansTest" tests="19" skipped="0" failures="0" errors="0" timestamp="2026-09-02T23:17:26.036Z" hostname="Shah" time="2.038">
  <properties/>
  <testcase name="bedtimeBeforeMidnightWinsWindow()" classname="com.khushu.data.AdaptiveAndPlansTest" time="0.198"/>
  <testcase name="batchDownloadFetchesSkipsAndVerifies()" classname="com.khushu.data.AdaptiveAndPlansTest" time="0.142"/>
  <testcase name="variantRotatesBackfillDeterministically()" classname="com.khushu.data.AdaptiveAndPlansTest" time="0.046"/>
  <testcase name="afterSalahWindowOutranksMorning()" classname="com.khushu.data.AdaptiveAndPlansTest" time="0.048"/>
  <testcase name="duaModelCarriesSubcategory()" classname="com.khushu.data.AdaptiveAndPlansTest" time="0.061"/>
  <testcase name="noAnchorsYieldsAnytimeOnly()" classname="com.khushu.data.AdaptiveAndPlansTest" time="0.04"/>
  <testcase name="morningWindowReturnsMorningFirst()" classname="com.khushu.data.AdaptiveAndPlansTest" time="0.038"/>
  <testcase name="bookReadMatchesMetadataHadithCount()" classname="com.khushu.data.AdaptiveAndPlansTest" time="0.014"/>
  <testcase name="beforeSleepUsesHostBedtime()" classname="com.khushu.data.AdaptiveAndPlansTest" time="0.066"/>
  <testcase name="planFactoriesProduceRealUnitsWithSizes()" classname="com.khushu.data.AdaptiveAndPlansTest" time="0.287"/>
  <testcase name="ledgerLoadsFromPipelineManifest()" classname="com.khushu.data.AdaptiveAndPlansTest" time="0.09"/>
  <testcase name="maxSectionsHonored()" classname="com.khushu.data.AdaptiveAndPlansTest" time="0.07"/>
  <testcase name="shaMismatchFailsLoudly()" classname="com.khushu.data.AdaptiveAndPlansTest" time="0.225"/>
  <testcase name="bookIndexListsAllBukhariBooksWithCounts()" classname="com.khushu.data.AdaptiveAndPlansTest" time="0.113"/>
  <testcase name="eveningWindowByMaghribDefault()" classname="com.khushu.data.AdaptiveAndPlansTest" time="0.087"/>
  <testcase name="perBookFileIsSmallFastLoadUnit()" classname="com.khushu.data.AdaptiveAndPlansTest" time="0.033"/>
  <testcase name="tahajjudWindowCrossesMidnight()" classname="com.khushu.data.AdaptiveAndPlansTest" time="0.151"/>
  <testcase name="duaAudioPlanPathsExistInLedger()" classname="com.khushu.data.AdaptiveAndPlansTest" time="0.1"/>
  <testcase name="eveningStartAsrPolicyShiftsWindow()" classname="com.khushu.data.AdaptiveAndPlansTest" time="0.038"/>
  <system-out><![CDATA[]]></system-out>
  <system-err><![CDATA[]]></system-err>
</testsuite>
