<?xml version="1.0" encoding="UTF-8"?>
<testsuite name="com.khushu.data.QuranGlyphTest" tests="8" skipped="0" failures="0" errors="0" timestamp="2026-09-02T23:17:43.806Z" hostname="Shah" time="0.079">
  <properties/>
  <testcase name="referenceDecorationsMatchUnicodeCodepoints()" classname="com.khushu.data.QuranGlyphTest" time="0.01"/>
  <testcase name="fontsExistAndHadithNaskhCoversCorpusSpecials()" classname="com.khushu.data.QuranGlyphTest" time="0.006"/>
  <testcase name="all114SurahIconsPresentAndNonSequential()" classname="com.khushu.data.QuranGlyphTest" time="0.007"/>
  <testcase name="outOfRangeLookupsReturnNullNotCrash()" classname="com.khushu.data.QuranGlyphTest" time="0.007"/>
  <testcase name="specialGlyphsMatchDonorCodepoints()" classname="com.khushu.data.QuranGlyphTest" time="0.007"/>
  <testcase name="all30JuzIconsPresent()" classname="com.khushu.data.QuranGlyphTest" time="0.005"/>
  <testcase name="surahIconAppendsPrefixAfterNumberGlyph()" classname="com.khushu.data.QuranGlyphTest" time="0.006"/>
  <testcase name="ayahReferenceMatchesDonorComposition()" classname="com.khushu.data.QuranGlyphTest" time="0.016"/>
  <system-out><![CDATA[]]></system-out>
  <system-err><![CDATA[]]></system-err>
</testsuite>
