<?xml version="1.0" encoding="UTF-8"?>
<testsuite name="com.khushu.data.MarkupCorpusTest" tests="2" skipped="0" failures="0" errors="0" timestamp="2026-09-02T17:39:00.355Z" hostname="Shah" time="0.014">
  <properties/>
  <testcase name="allCollectionsParseWithoutLoss()" classname="com.khushu.data.MarkupCorpusTest" time="0.005"/>
  <testcase name="knownSpansResolve()" classname="com.khushu.data.MarkupCorpusTest" time="0.004"/>
  <system-out><![CDATA[]]></system-out>
  <system-err><![CDATA[]]></system-err>
</testsuite>
