<?xml version="1.0" encoding="UTF-8"?>
<testsuite name="com.khushu.orchestrator.FacadeV12Test" tests="10" skipped="0" failures="0" errors="0" timestamp="2026-09-02T23:17:06.228Z" hostname="Shah" time="19.796">
  <properties/>
  <testcase name="sunnahAttachServesSearchOverLocalCorpora()" classname="com.khushu.orchestrator.FacadeV12Test" time="1.982"/>
  <testcase name="warmupPrebuildsDayAndBundle()" classname="com.khushu.orchestrator.FacadeV12Test" time="5.462"/>
  <testcase name="normalizedFallbackIsDeterministicAndPageCarriesUnresolvedCount()" classname="com.khushu.orchestrator.FacadeV12Test" time="3.13"/>
  <testcase name="renderableAyahMatchesPageLineContent()" classname="com.khushu.orchestrator.FacadeV12Test" time="2.092"/>
  <testcase name="fontPackPlansCoverTheCatalog()" classname="com.khushu.orchestrator.FacadeV12Test" time="0.098"/>
  <testcase name="adaptiveFlowEmitsThenWakesAtBoundaries()" classname="com.khushu.orchestrator.FacadeV12Test" time="1.523"/>
  <testcase name="prefetchPagesWarmTexturesThroughCachingTransport()" classname="com.khushu.orchestrator.FacadeV12Test" time="2.278"/>
  <testcase name="renderableAyahResolvesAlFatihaGlyphs()" classname="com.khushu.orchestrator.FacadeV12Test" time="1.31"/>
  <testcase name="sajdahMarkerWordsResolveGlyphsViaNormalizedFallback()" classname="com.khushu.orchestrator.FacadeV12Test" time="1.715"/>
  <testcase name="kfqpcAndAtlasBundlePlansResolveRealFiles()" classname="com.khushu.orchestrator.FacadeV12Test" time="0.05"/>
  <system-out><![CDATA[]]></system-out>
  <system-err><![CDATA[SLF4J: Failed to load class "org.slf4j.impl.StaticLoggerBinder".
SLF4J: Defaulting to no-operation (NOP) logger implementation
SLF4J: See http://www.slf4j.org/codes.html#StaticLoggerBinder for further details.
]]></system-err>
</testsuite>
