<?xml version="1.0" encoding="UTF-8"?>
<testsuite name="com.khushu.data.AyahBundleTest" tests="4" skipped="0" failures="0" errors="0" timestamp="2026-09-02T23:17:32.167Z" hostname="Shah" time="1.292">
  <properties/>
  <testcase name="ayahBundleComposesAllRequestedTiers()" classname="com.khushu.data.AyahBundleTest" time="1.074"/>
  <testcase name="ayahBundleTafsirFiltersToCoveringSegments()" classname="com.khushu.data.AyahBundleTest" time="0.151"/>
  <testcase name="ayahBundleUnknownAyahYieldsEmptyStringsNotCrash()" classname="com.khushu.data.AyahBundleTest" time="0.032"/>
  <testcase name="ayahBundleEmptySelectionsAreCheap()" classname="com.khushu.data.AyahBundleTest" time="0.013"/>
  <system-out><![CDATA[]]></system-out>
  <system-err><![CDATA[]]></system-err>
</testsuite>
