<?xml version="1.0" encoding="UTF-8"?>
<testsuite name="com.khushu.data.MarkupCorpusTest" tests="2" skipped="0" failures="0" errors="0" timestamp="2026-09-02T23:17:43.794Z" hostname="Shah" time="0.011">
  <properties/>
  <testcase name="allCollectionsParseWithoutLoss()" classname="com.khushu.data.MarkupCorpusTest" time="0.001"/>
  <testcase name="knownSpansResolve()" classname="com.khushu.data.MarkupCorpusTest" time="0.008"/>
  <system-out><![CDATA[]]></system-out>
  <system-err><![CDATA[]]></system-err>
</testsuite>
