<?xml version="1.0" encoding="UTF-8"?>
<testsuite name="com.khushu.orchestrator.FacadeV13Test" tests="7" skipped="0" failures="0" errors="0" timestamp="2026-09-02T23:17:55.490Z" hostname="Shah" time="1.576">
  <properties/>
  <testcase name="statusCrossesMidnightIntoTomorrowFajr()" classname="com.khushu.orchestrator.FacadeV13Test" time="0.034"/>
  <testcase name="monthGridCoversTheWholeMonthWithDualDates()" classname="com.khushu.orchestrator.FacadeV13Test" time="0.292"/>
  <testcase name="alarmScheduleReturnsSortedFuturePrayerEntries()" classname="com.khushu.orchestrator.FacadeV13Test" time="0.039"/>
  <testcase name="alarmScheduleFivePrayersPerDay()" classname="com.khushu.orchestrator.FacadeV13Test" time="0.026"/>
  <testcase name="statusFlowAdvancesAtPrayerBoundaries()" classname="com.khushu.orchestrator.FacadeV13Test" time="1.045"/>
  <testcase name="statusServesCurrentAndNextFromCachedModel()" classname="com.khushu.orchestrator.FacadeV13Test" time="0.027"/>
  <testcase name="monthGridJoinsDisplayEntriesOnHijriDay()" classname="com.khushu.orchestrator.FacadeV13Test" time="0.099"/>
  <system-out><![CDATA[]]></system-out>
  <system-err><![CDATA[]]></system-err>
</testsuite>
