<?xml version="1.0" encoding="UTF-8"?>
<testsuite name="com.khushu.orchestrator.DayModelTest" tests="12" skipped="0" failures="0" errors="0" timestamp="2026-09-01T19:40:41.788Z" hostname="Shah" time="12.382">
  <properties/>
  <testcase name="renderablePageResolvesGlyphsAndDecorations()" classname="com.khushu.orchestrator.DayModelTest" time="6.364"/>
  <testcase name="polarDayServesAnytimeOnly()" classname="com.khushu.orchestrator.DayModelTest" time="0.234"/>
  <testcase name="settingsChangeYieldsDistinctPlan()" classname="com.khushu.orchestrator.DayModelTest" time="0.172"/>
  <testcase name="dayModelBuildsWithRealEngineTimes()" classname="com.khushu.orchestrator.DayModelTest" time="0.102"/>
  <testcase name="bedtimeSettingActivatesBeforeSleep()" classname="com.khushu.orchestrator.DayModelTest" time="0.094"/>
  <testcase name="maxSectionsServedExactly()" classname="com.khushu.orchestrator.DayModelTest" time="0.202"/>
  <testcase name="fullDayRotationServesRightSlots()" classname="com.khushu.orchestrator.DayModelTest" time="0.111"/>
  <testcase name="nextBoundaryWalksForward()" classname="com.khushu.orchestrator.DayModelTest" time="0.086"/>
  <testcase name="wakeSettingActivatesWakingUp()" classname="com.khushu.orchestrator.DayModelTest" time="0.098"/>
  <testcase name="boundariesAreSortedAndCoverTheDay()" classname="com.khushu.orchestrator.DayModelTest" time="0.085"/>
  <testcase name="dayModelIsCachedNoRebuild()" classname="com.khushu.orchestrator.DayModelTest" time="0.066"/>
  <testcase name="renderablePageIsCachedByTransport()" classname="com.khushu.orchestrator.DayModelTest" time="4.638"/>
  <system-out><![CDATA[]]></system-out>
  <system-err><![CDATA[]]></system-err>
</testsuite>
