<?xml version="1.0" encoding="UTF-8"?>
<testsuite name="com.khushu.data.HadithSliceTest" tests="8" skipped="0" failures="0" errors="0" timestamp="2026-09-02T23:17:42.655Z" hostname="Shah" time="1.123">
  <properties/>
  <testcase name="byIdResolvesUrnStyleIds()" classname="com.khushu.data.HadithSliceTest" time="0.082"/>
  <testcase name="gradesAndReferencesExposedViaById()" classname="com.khushu.data.HadithSliceTest" time="0.536"/>
  <testcase name="blocksCarryVerifiedTaxonomyAndParsedSpans()" classname="com.khushu.data.HadithSliceTest" time="0.052"/>
  <testcase name="uninstalledCollectionReturnsNullSafely()" classname="com.khushu.data.HadithSliceTest" time="0.003"/>
  <testcase name="bukhariAnchorsMatchFullScan()" classname="com.khushu.data.HadithSliceTest" time="0.037"/>
  <testcase name="every_corpus_carries_bundle_meta()" classname="com.khushu.data.HadithSliceTest" time="0.055"/>
  <testcase name="narratorsJoinScholars()" classname="com.khushu.data.HadithSliceTest" time="0.105"/>
  <testcase name="searchBuildsFts5AndFinds()" classname="com.khushu.data.HadithSliceTest" time="0.226"/>
  <system-out><![CDATA[]]></system-out>
  <system-err><![CDATA[]]></system-err>
</testsuite>
