<?xml version="1.0" encoding="UTF-8"?>
<testsuite name="com.khushu.data.AtlasSliceTest" tests="6" skipped="0" failures="0" errors="0" timestamp="2026-09-02T23:17:28.275Z" hostname="Shah" time="3.883">
  <properties/>
  <testcase name="uthmaniLayoutDocumentsCoverTheWordRegistry()" classname="com.khushu.data.AtlasSliceTest" time="1.688"/>
  <testcase name="catalogListsAllThreeBundles()" classname="com.khushu.data.AtlasSliceTest" time="0.017"/>
  <testcase name="facadeExposesAtlasThroughQuranApi()" classname="com.khushu.data.AtlasSliceTest" time="1.477"/>
  <testcase name="uthmaniGlyphTableHasRectsAndBearings()" classname="com.khushu.data.AtlasSliceTest" time="0.285"/>
  <testcase name="uthmaniMetaFontMetricsMatchKnownKfgqpcValues()" classname="com.khushu.data.AtlasSliceTest" time="0.102"/>
  <testcase name="textureBytesArePng()" classname="com.khushu.data.AtlasSliceTest" time="0.286"/>
  <system-out><![CDATA[]]></system-out>
  <system-err><![CDATA[]]></system-err>
</testsuite>
