<?xml version="1.0" encoding="UTF-8"?>
<testsuite name="com.khushu.data.QuranSliceTest" tests="13" skipped="0" failures="0" errors="0" timestamp="2026-09-02T23:17:43.892Z" hostname="Shah" time="5.509">
  <properties/>
  <testcase name="navigationUnitsCoverTheWholeMushaf()" classname="com.khushu.data.QuranSliceTest" time="0.014"/>
  <testcase name="pageOfAyahResolvesBothAddressingSchemes()" classname="com.khushu.data.QuranSliceTest" time="2.362"/>
  <testcase name="arabicSearchFindsByNormalizedText()" classname="com.khushu.data.QuranSliceTest" time="1.18"/>
  <testcase name="fatihaWordsAreWordLevelWithMarkerClassification()" classname="com.khushu.data.QuranSliceTest" time="0.028"/>
  <testcase name="khushuContentFacadeWiresEverything()" classname="com.khushu.data.QuranSliceTest" time="0.147"/>
  <testcase name="ayahMetaCarriesNavigationNumbers()" classname="com.khushu.data.QuranSliceTest" time="0.108"/>
  <testcase name="indopakAndMonolithicKfqpcResolve()" classname="com.khushu.data.QuranSliceTest" time="0.123"/>
  <testcase name="qpcPageOneLinesMatchKnownLayout()" classname="com.khushu.data.QuranSliceTest" time="1.031"/>
  <testcase name="translationPacksParseFromFlatFiles()" classname="com.khushu.data.QuranSliceTest" time="0.029"/>
  <testcase name="mushafRegistryMatchesDonorPageCounts()" classname="com.khushu.data.QuranSliceTest" time="0.025"/>
  <testcase name="baqarahWordCountInExpectedBand()" classname="com.khushu.data.QuranSliceTest" time="0.059"/>
  <testcase name="wordRegistryCoversAllAyahs()" classname="com.khushu.data.QuranSliceTest" time="0.349"/>
  <testcase name="surahRegistryIsCompleteAndNamed()" classname="com.khushu.data.QuranSliceTest" time="0.016"/>
  <system-out><![CDATA[]]></system-out>
  <system-err><![CDATA[]]></system-err>
</testsuite>
