<?xml version="1.0" encoding="UTF-8"?>
<testsuite name="com.khushu.data.ContentSelectionTest" tests="2" skipped="0" failures="0" errors="0" timestamp="2026-09-02T23:17:33.976Z" hostname="Shah" time="0.013">
  <properties/>
  <testcase name="dailyPickIsDeterministic()" classname="com.khushu.data.ContentSelectionTest" time="0.005"/>
  <testcase name="ayahRefParsing()" classname="com.khushu.data.ContentSelectionTest" time="0.001"/>
  <system-out><![CDATA[]]></system-out>
  <system-err><![CDATA[]]></system-err>
</testsuite>
